c:\users\123\documents\visual studio 2013\projects\highfreqtrading\gsencrypt\debug\gsencrypt.pch
c:\users\123\documents\visual studio 2013\projects\highfreqtrading\gsencrypt\debug\vc120.pdb
c:\users\123\documents\visual studio 2013\projects\highfreqtrading\gsencrypt\debug\vc120.idb
c:\users\123\documents\visual studio 2013\projects\highfreqtrading\gsencrypt\debug\stdafx.obj
c:\users\123\documents\visual studio 2013\projects\highfreqtrading\gsencrypt\debug\dllmain.obj
c:\users\123\documents\visual studio 2013\projects\highfreqtrading\gsencrypt\debug\gsencrypt.obj
c:\users\123\documents\visual studio 2013\projects\highfreqtrading\run\gsencrypt.lib
c:\users\123\documents\visual studio 2013\projects\highfreqtrading\run\gsencrypt.exp
c:\users\123\documents\visual studio 2013\projects\highfreqtrading\run\gsencrypt.ilk
c:\users\123\documents\visual studio 2013\projects\highfreqtrading\run\gsencrypt.dll
c:\users\123\documents\visual studio 2013\projects\highfreqtrading\run\gsencrypt.pdb
c:\users\123\documents\visual studio 2013\projects\highfreqtrading\\run\gsencrypt.pdb
c:\users\123\documents\visual studio 2013\projects\highfreqtrading\\run\gsencrypt.dll
c:\users\123\documents\visual studio 2013\projects\highfreqtrading\\run\gsencrypt.ilk
c:\users\123\documents\visual studio 2013\projects\highfreqtrading\gsencrypt\debug\gsencrypt.tlog\cl.command.1.tlog
c:\users\123\documents\visual studio 2013\projects\highfreqtrading\gsencrypt\debug\gsencrypt.tlog\cl.read.1.tlog
c:\users\123\documents\visual studio 2013\projects\highfreqtrading\gsencrypt\debug\gsencrypt.tlog\cl.write.1.tlog
c:\users\123\documents\visual studio 2013\projects\highfreqtrading\gsencrypt\debug\gsencrypt.tlog\gsencrypt.write.1u.tlog
c:\users\123\documents\visual studio 2013\projects\highfreqtrading\gsencrypt\debug\gsencrypt.tlog\link.command.1.tlog
c:\users\123\documents\visual studio 2013\projects\highfreqtrading\gsencrypt\debug\gsencrypt.tlog\link.read.1.tlog
c:\users\123\documents\visual studio 2013\projects\highfreqtrading\gsencrypt\debug\gsencrypt.tlog\link.write.1.tlog
