20151204-01:46:39 : Created session
20151204-01:46:39 : Connecting to 192.168.10.36 on port 8878
20151204-01:46:39 : Initiated logon request
20151204-01:46:39 : Logon contains ResetSeqNumFlag=Y, reseting sequence numbers to 1
20151204-01:46:39 : Received logon response
20151204-01:55:52 : Created session
20151204-01:55:52 : Connecting to 192.168.10.36 on port 8878
20151204-01:55:52 : Initiated logon request
20151204-01:55:52 : Logon contains ResetSeqNumFlag=Y, reseting sequence numbers to 1
20151204-01:55:52 : Received logon response
20151204-01:58:28 : Created session
20151204-01:58:28 : Connecting to 192.168.10.36 on port 8878
20151204-01:58:28 : Initiated logon request
20151204-01:58:29 : Logon contains ResetSeqNumFlag=Y, reseting sequence numbers to 1
20151204-01:58:29 : Received logon response
20151204-01:58:47 : Created session
20151204-01:58:47 : Connecting to 192.168.10.36 on port 8878
20151204-01:58:47 : Initiated logon request
20151204-01:58:48 : Logon contains ResetSeqNumFlag=Y, reseting sequence numbers to 1
20151204-01:58:48 : Received logon response
20151204-01:59:16 : Created session
20151204-01:59:17 : Connecting to 192.168.10.36 on port 8878
20151204-01:59:17 : Initiated logon request
20151204-01:59:17 : Logon contains ResetSeqNumFlag=Y, reseting sequence numbers to 1
20151204-01:59:17 : Received logon response
20151204-02:04:04 : Created session
20151204-02:04:04 : Connecting to 192.168.10.36 on port 8878
20151204-02:04:05 : Initiated logon request
20151204-02:04:05 : Logon contains ResetSeqNumFlag=Y, reseting sequence numbers to 1
20151204-02:04:05 : Received logon response
20151204-02:06:06 : Created session
20151204-02:06:06 : Connecting to 192.168.10.36 on port 8878
20151204-02:06:06 : Initiated logon request
20151204-02:06:06 : Logon contains ResetSeqNumFlag=Y, reseting sequence numbers to 1
20151204-02:06:06 : Received logon response
20151210-01:53:42 : Created session
20151210-04:57:41 : Created session
20151211-01:31:25 : Created session
20151211-01:49:58 : Created session
20151214-06:35:10 : Created session
20151214-06:36:43 : Created session
20151216-05:57:21 : Created session
20151216-06:17:46 : Created session
20151216-06:52:51 : Created session
20151216-06:54:19 : Created session
20151216-06:56:31 : Created session
20151216-07:03:21 : Created session
20151223-05:37:01 : Created session
20151223-05:49:11 : Created session
20151223-05:59:45 : Created session
20151223-06:28:14 : Created session
20151224-01:33:55 : Created session
20151224-01:38:09 : Created session
20151224-01:46:03 : Created session
20151224-06:00:33 : Created session
20151225-01:36:32 : Created session
